<?xml version="1.0" encoding="UTF-8"?>
<!-- Generated by org.testng.reporters.JUnitXMLReporter -->
<testsuite ignored="0" hostname="QT-INBG-LT1883" failures="4" tests="4" name="Test" time="0.463" errors="0" timestamp="2023-08-11T17:06:00 IST">
  <testcase classname="io.cucumber.testng.AbstractTestNGCucumberTests" name="runScenario" time="0.154">
    <failure type="java.lang.IllegalArgumentException" message="Input must be set">
      <![CDATA[java.lang.IllegalArgumentException: Input must be set
at org.openqa.selenium.internal.Require.nonNull(Require.java:60)
at org.openqa.selenium.support.ui.FluentWait.<init>(FluentWait.java:94)
at org.openqa.selenium.support.ui.WebDriverWait.<init>(WebDriverWait.java:74)
at org.openqa.selenium.support.ui.WebDriverWait.<init>(WebDriverWait.java:43)
at utility.Elementutility.waitonelement1(Elementutility.java:27)
at utility.Elementutility.clickonelement(Elementutility.java:22)
at pages.Homepage.clickonmyaccount(Homepage.java:21)
at stepdefinition1.LoginTest.user_should_navigate_to_login_page(LoginTest.java:23)
at ✽.user should navigate to login page(file:///C:/Users/harshavardhan/eclipse-workspace/BDDHybridFrameworkTutorialNinja/src/test/resource/features1/login.feature:4)
]]>
    </failure>
  </testcase> <!-- runScenario -->
  <testcase classname="io.cucumber.testng.AbstractTestNGCucumberTests" name="runScenario" time="0.007">
    <failure type="java.lang.IllegalArgumentException" message="Input must be set">
      <![CDATA[java.lang.IllegalArgumentException: Input must be set
at org.openqa.selenium.internal.Require.nonNull(Require.java:60)
at org.openqa.selenium.support.ui.FluentWait.<init>(FluentWait.java:94)
at org.openqa.selenium.support.ui.WebDriverWait.<init>(WebDriverWait.java:74)
at org.openqa.selenium.support.ui.WebDriverWait.<init>(WebDriverWait.java:43)
at utility.Elementutility.waitonelement1(Elementutility.java:27)
at utility.Elementutility.clickonelement(Elementutility.java:22)
at pages.Homepage.clickonmyaccount(Homepage.java:21)
at stepdefinition1.LoginTest.user_should_navigate_to_login_page(LoginTest.java:23)
at ✽.user should navigate to login page(file:///C:/Users/harshavardhan/eclipse-workspace/BDDHybridFrameworkTutorialNinja/src/test/resource/features1/login.feature:4)
]]>
    </failure>
  </testcase> <!-- runScenario -->
  <testcase classname="io.cucumber.testng.AbstractTestNGCucumberTests" name="runScenario" time="0.008">
    <failure type="java.lang.IllegalArgumentException" message="Input must be set">
      <![CDATA[java.lang.IllegalArgumentException: Input must be set
at org.openqa.selenium.internal.Require.nonNull(Require.java:60)
at org.openqa.selenium.support.ui.FluentWait.<init>(FluentWait.java:94)
at org.openqa.selenium.support.ui.WebDriverWait.<init>(WebDriverWait.java:74)
at org.openqa.selenium.support.ui.WebDriverWait.<init>(WebDriverWait.java:43)
at utility.Elementutility.waitonelement1(Elementutility.java:27)
at utility.Elementutility.clickonelement(Elementutility.java:22)
at pages.Homepage.clickonmyaccount(Homepage.java:21)
at stepdefinition1.LoginTest.user_should_navigate_to_login_page(LoginTest.java:23)
at ✽.user should navigate to login page(file:///C:/Users/harshavardhan/eclipse-workspace/BDDHybridFrameworkTutorialNinja/src/test/resource/features1/login.feature:15)
]]>
    </failure>
  </testcase> <!-- runScenario -->
  <testcase classname="io.cucumber.testng.AbstractTestNGCucumberTests" name="runScenario" time="0.009">
    <failure type="java.lang.IllegalArgumentException" message="Input must be set">
      <![CDATA[java.lang.IllegalArgumentException: Input must be set
at org.openqa.selenium.internal.Require.nonNull(Require.java:60)
at org.openqa.selenium.support.ui.FluentWait.<init>(FluentWait.java:94)
at org.openqa.selenium.support.ui.WebDriverWait.<init>(WebDriverWait.java:74)
at org.openqa.selenium.support.ui.WebDriverWait.<init>(WebDriverWait.java:43)
at utility.Elementutility.waitonelement1(Elementutility.java:27)
at utility.Elementutility.clickonelement(Elementutility.java:22)
at pages.Homepage.clickonmyaccount(Homepage.java:21)
at stepdefinition1.LoginTest.user_should_navigate_to_login_page(LoginTest.java:23)
at ✽.user should navigate to login page(file:///C:/Users/harshavardhan/eclipse-workspace/BDDHybridFrameworkTutorialNinja/src/test/resource/features1/login.feature:15)
]]>
    </failure>
  </testcase> <!-- runScenario -->
</testsuite> <!-- Test -->
